<?xml version="1.0" encoding="UTF-8"?>
<!-- Generated by org.testng.reporters.JUnitXMLReporter -->
<testsuite hostname="OLDWSC5WQH" ignored="1" name="Default test" tests="1" failures="0" timestamp="2020-08-25T11:17:45 IST" time="0.057" errors="0">
  <testcase name="elementsUi" time="0.009" classname="qaclick.mavanJava.seleniumTest"/>
  <testcase name="BrowserAuto" time="0.0" classname="qaclick.mavanJava.seleniumTest">
    <ignored/>
  </testcase> <!-- BrowserAuto -->
</testsuite> <!-- Default test -->
