<?xml version="1.0" encoding="UTF-8"?>
<!-- Generated by org.testng.reporters.JUnitXMLReporter -->
<testsuite hostname="OLDWSC5WQH" ignored="0" name="Command line test" tests="6" failures="0" timestamp="09 Sep 2020 11:54:28 GMT" time="0.047" errors="0">
  <testcase name="deleteTwitter" time="0.009" classname="qaclick.mavanJava.apiTest"/>
  <testcase name="postJira" time="0.0" classname="qaclick.mavanJava.apiTest"/>
  <testcase name="IOSApp" time="0.001" classname="qaclick.mavanJava.appiumTest"/>
  <testcase name="NativeAndroid" time="0.0" classname="qaclick.mavanJava.appiumTest"/>
  <testcase name="BrowserAuto" time="0.0" classname="qaclick.mavanJava.seleniumTest"/>
  <testcase name="elementsUi" time="0.001" classname="qaclick.mavanJava.seleniumTest"/>
</testsuite> <!-- Command line test -->
